Arguments: 
  /usr/local/Cellar/node/17.4.0/bin/node /usr/local/Cellar/yarn/1.22.17_2/libexec/bin/yarn.js install

PATH: 
  /usr/local/bin:/usr/bin:/bin:/usr/sbin:/sbin

Yarn version: 
  1.22.17

Node version: 
  17.4.0

Platform: 
  darwin x64

Trace: 
  Error: https://registry.yarnpkg.com/autoprefixer-stylus: ETIMEDOUT
      at Timeout._onTimeout (/usr/local/Cellar/yarn/1.22.17_2/libexec/lib/cli.js:141543:19)
      at listOnTimeout (node:internal/timers:559:17)
      at processTimers (node:internal/timers:502:7)

npm manifest: 
  {
    "name": "cotd",
    "version": "0.0.3",
    "private": true,
    "devDependencies": {
      "concurrently": "6.4.0",
      "react-scripts": "4.0.3"
    },
    "dependencies": {
      "autoprefixer-stylus": "1.0.0",
      "firebase": "8.10.0",
      "prop-types": "15.7.2",
      "re-base": "4.0.0",
      "react": "17.0.2",
      "react-dom": "17.0.2",
      "react-router-dom": "5.3.0",
      "react-transition-group": "4.4.2",
      "serve": "13.0.2",
      "stylus": "0.55.0"
    },
    "scripts": {
      "dev": "react-scripts start",
      "start": "react-scripts start",
      "watch": "concurrently --names \"webpack, stylus\" --prefix name \"npm run start\" \"npm run styles:watch\"",
      "build": "react-scripts build",
      "eject": "react-scripts eject",
      "styles": "stylus -u autoprefixer-stylus ./src/css/style.styl -o ./src/css/style.css",
      "now-build": "npm run build && mv build dist",
      "styles:watch": "npm run styles -- -w"
    },
    "browserslist": [
      ">0.2%",
      "not ie <= 11",
      "not op_mini all"
    ]
  }

yarn manifest: 
  No manifest

Lockfile: 
  No lockfile
